<?xml version="1.0" encoding="UTF-8"?>
<testng-results ignored="0" total="1" passed="1" failed="0" skipped="0">
  <reporter-output>
  </reporter-output>
  <suite started-at="2022-08-06T22:53:39 IST" name="Default suite" finished-at="2022-08-06T22:54:20 IST" duration-ms="40756">
    <groups>
    </groups>
    <test started-at="2022-08-06T22:53:39 IST" name="Default test" finished-at="2022-08-06T22:54:20 IST" duration-ms="40756">
      <class name="com.ajioShopping.testcases.EndToEndTest">
        <test-method is-config="true" signature="loadConfig()[pri:0, instance:com.ajioShopping.testcases.EndToEndTest@5ae50ce6]" started-at="2022-08-06T22:53:39 IST" name="loadConfig" finished-at="2022-08-06T22:53:39 IST" duration-ms="4" status="PASS">
          <reporter-output>
          </reporter-output>
        </test-method> <!-- loadConfig -->
        <test-method is-config="true" signature="setUp()[pri:0, instance:com.ajioShopping.testcases.EndToEndTest@5ae50ce6]" started-at="2022-08-06T22:53:39 IST" name="setUp" finished-at="2022-08-06T22:53:51 IST" duration-ms="11779" status="PASS">
          <reporter-output>
          </reporter-output>
        </test-method> <!-- setUp -->
        <test-method signature="test_endToEnd()[pri:0, instance:com.ajioShopping.testcases.EndToEndTest@5ae50ce6]" started-at="2022-08-06T22:53:51 IST" name="test_endToEnd" finished-at="2022-08-06T22:54:19 IST" duration-ms="28836" status="PASS">
          <reporter-output>
          </reporter-output>
        </test-method> <!-- test_endToEnd -->
        <test-method is-config="true" signature="tearDown()[pri:0, instance:com.ajioShopping.testcases.EndToEndTest@5ae50ce6]" started-at="2022-08-06T22:54:19 IST" name="tearDown" finished-at="2022-08-06T22:54:20 IST" duration-ms="123" status="PASS">
          <reporter-output>
          </reporter-output>
        </test-method> <!-- tearDown -->
      </class> <!-- com.ajioShopping.testcases.EndToEndTest -->
    </test> <!-- Default test -->
  </suite> <!-- Default suite -->
</testng-results>
