<?xml version="1.0" encoding="UTF-8"?>
<testng-results ignored="0" total="1" passed="1" failed="0" skipped="0">
  <reporter-output>
  </reporter-output>
  <suite started-at="2022-08-06T11:16:45 IST" name="Default suite" finished-at="2022-08-06T11:16:57 IST" duration-ms="12600">
    <groups>
    </groups>
    <test started-at="2022-08-06T11:16:45 IST" name="Default test" finished-at="2022-08-06T11:16:57 IST" duration-ms="12600">
      <class name="com.ajioShopping.testcases.SignUpPageTest">
        <test-method is-config="true" signature="loadConfig()[pri:0, instance:com.ajioShopping.testcases.SignUpPageTest@35cabb2a]" started-at="2022-08-06T11:16:45 IST" name="loadConfig" finished-at="2022-08-06T11:16:45 IST" duration-ms="6" status="PASS">
          <reporter-output>
          </reporter-output>
        </test-method> <!-- loadConfig -->
        <test-method is-config="true" signature="setUp()[pri:0, instance:com.ajioShopping.testcases.SignUpPageTest@35cabb2a]" started-at="2022-08-06T11:16:45 IST" name="setUp" finished-at="2022-08-06T11:16:55 IST" duration-ms="10006" status="PASS">
          <reporter-output>
          </reporter-output>
        </test-method> <!-- setUp -->
        <test-method signature="testSignUp()[pri:0, instance:com.ajioShopping.testcases.SignUpPageTest@35cabb2a]" started-at="2022-08-06T11:16:55 IST" name="testSignUp" finished-at="2022-08-06T11:16:57 IST" duration-ms="2441" status="PASS">
          <reporter-output>
          </reporter-output>
        </test-method> <!-- testSignUp -->
        <test-method is-config="true" signature="tearDown()[pri:0, instance:com.ajioShopping.testcases.SignUpPageTest@35cabb2a]" started-at="2022-08-06T11:16:57 IST" name="tearDown" finished-at="2022-08-06T11:16:57 IST" duration-ms="120" status="PASS">
          <reporter-output>
          </reporter-output>
        </test-method> <!-- tearDown -->
      </class> <!-- com.ajioShopping.testcases.SignUpPageTest -->
    </test> <!-- Default test -->
  </suite> <!-- Default suite -->
</testng-results>
